<?xml version="1.0" encoding="UTF-8"?>
<testng-results ignored="0" total="11" passed="7" failed="4" skipped="0">
  <reporter-output>
  </reporter-output>
  <suite started-at="2024-02-13T10:15:43 IST" name="Suite" finished-at="2024-02-13T10:18:05 IST" duration-ms="142480">
    <groups>
      <group name="Master">
        <method signature="TC_001_NewBikes_UpcomingBikes.navigateNewBikes()[pri:1, instance:testCase.TC_004_VerifyInvalidUser@4b29d1d2]" name="navigateNewBikes" class="testCase.TC_001_NewBikes_UpcomingBikes"/>
        <method signature="TC_001_NewBikes_UpcomingBikes.verify_UpcomingBikes_section()[pri:2, instance:testCase.TC_004_VerifyInvalidUser@4b29d1d2]" name="verify_UpcomingBikes_section" class="testCase.TC_001_NewBikes_UpcomingBikes"/>
        <method signature="TC_002_UpcomingBikeManufacturers.selectManufacturers()[pri:3, instance:testCase.TC_004_VerifyInvalidUser@4b29d1d2]" name="selectManufacturers" class="testCase.TC_002_UpcomingBikeManufacturers"/>
        <method signature="TC_002_UpcomingBikeManufacturers.getNewLaunchBikesDetails()[pri:4, instance:testCase.TC_004_VerifyInvalidUser@4b29d1d2]" name="getNewLaunchBikesDetails" class="testCase.TC_002_UpcomingBikeManufacturers"/>
        <method signature="TC_002_UpcomingBikeManufacturers.navigateToHomePage()[pri:5, instance:testCase.TC_004_VerifyInvalidUser@4b29d1d2]" name="navigateToHomePage" class="testCase.TC_002_UpcomingBikeManufacturers"/>
        <method signature="TC_003_UsedCarsLocationSpecificTest.navFromUsedCarsToLocation()[pri:6, instance:testCase.TC_004_VerifyInvalidUser@4b29d1d2]" name="navFromUsedCarsToLocation" class="testCase.TC_003_UsedCarsLocationSpecificTest"/>
        <method signature="TC_003_UsedCarsLocationSpecificTest.clickAllPopularCarModels()[pri:7, instance:testCase.TC_004_VerifyInvalidUser@4b29d1d2]" name="clickAllPopularCarModels" class="testCase.TC_003_UsedCarsLocationSpecificTest"/>
        <method signature="TC_003_UsedCarsLocationSpecificTest.fetchAllPopularModels()[pri:8, instance:testCase.TC_004_VerifyInvalidUser@4b29d1d2]" name="fetchAllPopularModels" class="testCase.TC_003_UsedCarsLocationSpecificTest"/>
        <method signature="TC_003_UsedCarsLocationSpecificTest.navigateBackToHome()[pri:9, instance:testCase.TC_004_VerifyInvalidUser@4b29d1d2]" name="navigateBackToHome" class="testCase.TC_003_UsedCarsLocationSpecificTest"/>
        <method signature="TC_004_VerifyInvalidUser.clickOnLogin()[pri:10, instance:testCase.TC_004_VerifyInvalidUser@4b29d1d2]" name="clickOnLogin" class="testCase.TC_004_VerifyInvalidUser"/>
        <method signature="TC_004_VerifyInvalidUser.fetchErrorMessage()[pri:11, instance:testCase.TC_004_VerifyInvalidUser@4b29d1d2]" name="fetchErrorMessage" class="testCase.TC_004_VerifyInvalidUser"/>
      </group> <!-- Master -->
      <group name="regression">
        <method signature="TC_002_UpcomingBikeManufacturers.selectManufacturers()[pri:3, instance:testCase.TC_004_VerifyInvalidUser@4b29d1d2]" name="selectManufacturers" class="testCase.TC_002_UpcomingBikeManufacturers"/>
        <method signature="TC_002_UpcomingBikeManufacturers.getNewLaunchBikesDetails()[pri:4, instance:testCase.TC_004_VerifyInvalidUser@4b29d1d2]" name="getNewLaunchBikesDetails" class="testCase.TC_002_UpcomingBikeManufacturers"/>
        <method signature="TC_002_UpcomingBikeManufacturers.navigateToHomePage()[pri:5, instance:testCase.TC_004_VerifyInvalidUser@4b29d1d2]" name="navigateToHomePage" class="testCase.TC_002_UpcomingBikeManufacturers"/>
        <method signature="TC_003_UsedCarsLocationSpecificTest.navFromUsedCarsToLocation()[pri:6, instance:testCase.TC_004_VerifyInvalidUser@4b29d1d2]" name="navFromUsedCarsToLocation" class="testCase.TC_003_UsedCarsLocationSpecificTest"/>
        <method signature="TC_003_UsedCarsLocationSpecificTest.clickAllPopularCarModels()[pri:7, instance:testCase.TC_004_VerifyInvalidUser@4b29d1d2]" name="clickAllPopularCarModels" class="testCase.TC_003_UsedCarsLocationSpecificTest"/>
        <method signature="TC_003_UsedCarsLocationSpecificTest.fetchAllPopularModels()[pri:8, instance:testCase.TC_004_VerifyInvalidUser@4b29d1d2]" name="fetchAllPopularModels" class="testCase.TC_003_UsedCarsLocationSpecificTest"/>
        <method signature="TC_003_UsedCarsLocationSpecificTest.navigateBackToHome()[pri:9, instance:testCase.TC_004_VerifyInvalidUser@4b29d1d2]" name="navigateBackToHome" class="testCase.TC_003_UsedCarsLocationSpecificTest"/>
      </group> <!-- regression -->
      <group name="Regression">
        <method signature="TC_001_NewBikes_UpcomingBikes.navigateNewBikes()[pri:1, instance:testCase.TC_004_VerifyInvalidUser@4b29d1d2]" name="navigateNewBikes" class="testCase.TC_001_NewBikes_UpcomingBikes"/>
        <method signature="TC_001_NewBikes_UpcomingBikes.verify_UpcomingBikes_section()[pri:2, instance:testCase.TC_004_VerifyInvalidUser@4b29d1d2]" name="verify_UpcomingBikes_section" class="testCase.TC_001_NewBikes_UpcomingBikes"/>
      </group> <!-- Regression -->
      <group name="sanity">
        <method signature="TC_001_NewBikes_UpcomingBikes.navigateNewBikes()[pri:1, instance:testCase.TC_004_VerifyInvalidUser@4b29d1d2]" name="navigateNewBikes" class="testCase.TC_001_NewBikes_UpcomingBikes"/>
        <method signature="TC_003_UsedCarsLocationSpecificTest.navFromUsedCarsToLocation()[pri:6, instance:testCase.TC_004_VerifyInvalidUser@4b29d1d2]" name="navFromUsedCarsToLocation" class="testCase.TC_003_UsedCarsLocationSpecificTest"/>
        <method signature="TC_003_UsedCarsLocationSpecificTest.navigateBackToHome()[pri:9, instance:testCase.TC_004_VerifyInvalidUser@4b29d1d2]" name="navigateBackToHome" class="testCase.TC_003_UsedCarsLocationSpecificTest"/>
        <method signature="TC_004_VerifyInvalidUser.clickOnLogin()[pri:10, instance:testCase.TC_004_VerifyInvalidUser@4b29d1d2]" name="clickOnLogin" class="testCase.TC_004_VerifyInvalidUser"/>
        <method signature="TC_004_VerifyInvalidUser.fetchErrorMessage()[pri:11, instance:testCase.TC_004_VerifyInvalidUser@4b29d1d2]" name="fetchErrorMessage" class="testCase.TC_004_VerifyInvalidUser"/>
      </group> <!-- sanity -->
    </groups>
    <test started-at="2024-02-13T10:15:43 IST" name="MasterTest" finished-at="2024-02-13T10:18:05 IST" duration-ms="142480">
      <class name="testCase.TC_004_VerifyInvalidUser">
        <test-method is-config="true" signature="setup(java.lang.String,java.lang.String)[pri:0, instance:testCase.TC_004_VerifyInvalidUser@4b29d1d2]" started-at="2024-02-13T10:15:43 IST" name="setup" finished-at="2024-02-13T10:16:12 IST" duration-ms="28788" status="PASS">
          <params>
            <param index="0">
              <value>
                <![CDATA[Windows]]>
              </value>
            </param>
            <param index="1">
              <value>
                <![CDATA[chrome]]>
              </value>
            </param>
          </params>
          <reporter-output>
          </reporter-output>
        </test-method> <!-- setup -->
        <test-method signature="navigateNewBikes()[pri:1, instance:testCase.TC_004_VerifyInvalidUser@4b29d1d2]" started-at="2024-02-13T10:16:12 IST" name="navigateNewBikes" finished-at="2024-02-13T10:16:16 IST" duration-ms="3996" status="PASS">
          <reporter-output>
          </reporter-output>
        </test-method> <!-- navigateNewBikes -->
        <test-method signature="verify_UpcomingBikes_section()[pri:2, instance:testCase.TC_004_VerifyInvalidUser@4b29d1d2]" started-at="2024-02-13T10:16:16 IST" name="verify_UpcomingBikes_section" finished-at="2024-02-13T10:16:16 IST" duration-ms="71" status="PASS">
          <reporter-output>
          </reporter-output>
        </test-method> <!-- verify_UpcomingBikes_section -->
        <test-method signature="selectManufacturers()[pri:3, instance:testCase.TC_004_VerifyInvalidUser@4b29d1d2]" started-at="2024-02-13T10:16:17 IST" name="selectManufacturers" finished-at="2024-02-13T10:16:18 IST" duration-ms="1547" status="FAIL">
          <exception class="org.openqa.selenium.ElementClickInterceptedException">
            <message>
              <![CDATA[element click intercepted: Element is not clickable at point (360, 607)
  (Session info: chrome=120.0.6099.130)
Build info: version: '4.15.0', revision: '1d14b5521b'
System info: os.name: 'Windows 11', os.arch: 'amd64', os.version: '10.0', java.version: '17.0.9'
Driver info: org.openqa.selenium.remote.RemoteWebDriver
Command: [68d7656639d18d0850b0643fcca3d14b, clickElement {id=FC0D1C0DEED353B93A3536D4D2F43357_element_148}]
Capabilities {acceptInsecureCerts: false, browserName: chrome, browserVersion: 120.0.6099.130, chrome: {chromedriverVersion: 120.0.6099.109 (3419140ab66..., userDataDir: C:\Users\2303514\AppData\Lo...}, fedcm:accounts: true, goog:chromeOptions: {debuggerAddress: localhost:53691}, networkConnectionEnabled: false, pageLoadStrategy: normal, platformName: Windows 11, proxy: Proxy(), se:bidiEnabled: false, se:cdp: ws://10.203.182.82:4444/ses..., se:cdpVersion: 120.0.6099.130, setWindowRect: true, strictFileInteractability: false, timeouts: {implicit: 0, pageLoad: 300000, script: 30000}, unhandledPromptBehavior: dismiss and notify, webauthn:extension:credBlob: true, webauthn:extension:largeBlob: true, webauthn:extension:minPinLength: true, webauthn:extension:prf: true, webauthn:virtualAuthenticators: true}
Element: [[RemoteWebDriver: chrome on Windows 11 (68d7656639d18d0850b0643fcca3d14b)] -> xpath: //select[@id='makeId']]
Session ID: 68d7656639d18d0850b0643fcca3d14b]]>
            </message>
            <full-stacktrace>
              <![CDATA[org.openqa.selenium.ElementClickInterceptedException: element click intercepted: Element is not clickable at point (360, 607)
  (Session info: chrome=120.0.6099.130)
Build info: version: '4.15.0', revision: '1d14b5521b'
System info: os.name: 'Windows 11', os.arch: 'amd64', os.version: '10.0', java.version: '17.0.9'
Driver info: org.openqa.selenium.remote.RemoteWebDriver
Command: [68d7656639d18d0850b0643fcca3d14b, clickElement {id=FC0D1C0DEED353B93A3536D4D2F43357_element_148}]
Capabilities {acceptInsecureCerts: false, browserName: chrome, browserVersion: 120.0.6099.130, chrome: {chromedriverVersion: 120.0.6099.109 (3419140ab66..., userDataDir: C:\Users\2303514\AppData\Lo...}, fedcm:accounts: true, goog:chromeOptions: {debuggerAddress: localhost:53691}, networkConnectionEnabled: false, pageLoadStrategy: normal, platformName: Windows 11, proxy: Proxy(), se:bidiEnabled: false, se:cdp: ws://10.203.182.82:4444/ses..., se:cdpVersion: 120.0.6099.130, setWindowRect: true, strictFileInteractability: false, timeouts: {implicit: 0, pageLoad: 300000, script: 30000}, unhandledPromptBehavior: dismiss and notify, webauthn:extension:credBlob: true, webauthn:extension:largeBlob: true, webauthn:extension:minPinLength: true, webauthn:extension:prf: true, webauthn:virtualAuthenticators: true}
Element: [[RemoteWebDriver: chrome on Windows 11 (68d7656639d18d0850b0643fcca3d14b)] -> xpath: //select[@id='makeId']]
Session ID: 68d7656639d18d0850b0643fcca3d14b
at java.base/jdk.internal.reflect.NativeConstructorAccessorImpl.newInstance0(Native Method)
at java.base/jdk.internal.reflect.NativeConstructorAccessorImpl.newInstance(NativeConstructorAccessorImpl.java:77)
at java.base/jdk.internal.reflect.DelegatingConstructorAccessorImpl.newInstance(DelegatingConstructorAccessorImpl.java:45)
at java.base/java.lang.reflect.Constructor.newInstanceWithCaller(Constructor.java:499)
at java.base/java.lang.reflect.Constructor.newInstance(Constructor.java:480)
at org.openqa.selenium.remote.codec.w3c.W3CHttpResponseCodec.createException(W3CHttpResponseCodec.java:200)
at org.openqa.selenium.remote.codec.w3c.W3CHttpResponseCodec.decode(W3CHttpResponseCodec.java:133)
at org.openqa.selenium.remote.codec.w3c.W3CHttpResponseCodec.decode(W3CHttpResponseCodec.java:52)
at org.openqa.selenium.remote.HttpCommandExecutor.execute(HttpCommandExecutor.java:191)
at org.openqa.selenium.remote.TracedCommandExecutor.execute(TracedCommandExecutor.java:51)
at org.openqa.selenium.remote.RemoteWebDriver.execute(RemoteWebDriver.java:607)
at org.openqa.selenium.remote.RemoteWebElement.execute(RemoteWebElement.java:224)
at org.openqa.selenium.remote.RemoteWebElement.click(RemoteWebElement.java:77)
at java.base/jdk.internal.reflect.NativeMethodAccessorImpl.invoke0(Native Method)
at java.base/jdk.internal.reflect.NativeMethodAccessorImpl.invoke(NativeMethodAccessorImpl.java:77)
at java.base/jdk.internal.reflect.DelegatingMethodAccessorImpl.invoke(DelegatingMethodAccessorImpl.java:43)
at java.base/java.lang.reflect.Method.invoke(Method.java:568)
at org.openqa.selenium.support.pagefactory.internal.LocatingElementHandler.invoke(LocatingElementHandler.java:51)
at jdk.proxy2/jdk.proxy2.$Proxy30.click(Unknown Source)
at pageObjects.UpcomingBikes.selectUpcomingBikeFromDropDown(UpcomingBikes.java:47)
at testCase.TC_002_UpcomingBikeManufacturers.selectManufacturers(TC_002_UpcomingBikeManufacturers.java:17)
at java.base/jdk.internal.reflect.NativeMethodAccessorImpl.invoke0(Native Method)
at java.base/jdk.internal.reflect.NativeMethodAccessorImpl.invoke(NativeMethodAccessorImpl.java:77)
at java.base/jdk.internal.reflect.DelegatingMethodAccessorImpl.invoke(DelegatingMethodAccessorImpl.java:43)
at java.base/java.lang.reflect.Method.invoke(Method.java:568)
at org.testng.internal.invokers.MethodInvocationHelper.invokeMethod(MethodInvocationHelper.java:139)
at org.testng.internal.invokers.TestInvoker.invokeMethod(TestInvoker.java:664)
at org.testng.internal.invokers.TestInvoker.invokeTestMethod(TestInvoker.java:227)
at org.testng.internal.invokers.MethodRunner.runInSequence(MethodRunner.java:50)
at org.testng.internal.invokers.TestInvoker$MethodInvocationAgent.invoke(TestInvoker.java:957)
at org.testng.internal.invokers.TestInvoker.invokeTestMethods(TestInvoker.java:200)
at org.testng.internal.invokers.TestMethodWorker.invokeTestMethods(TestMethodWorker.java:148)
at org.testng.internal.invokers.TestMethodWorker.run(TestMethodWorker.java:128)
at java.base/java.util.ArrayList.forEach(ArrayList.java:1511)
at org.testng.TestRunner.privateRun(TestRunner.java:848)
at org.testng.TestRunner.run(TestRunner.java:621)
at org.testng.SuiteRunner.runTest(SuiteRunner.java:443)
at org.testng.SuiteRunner.runSequentially(SuiteRunner.java:437)
at org.testng.SuiteRunner.privateRun(SuiteRunner.java:397)
at org.testng.SuiteRunner.run(SuiteRunner.java:336)
at org.testng.SuiteRunnerWorker.runSuite(SuiteRunnerWorker.java:52)
at org.testng.SuiteRunnerWorker.run(SuiteRunnerWorker.java:95)
at org.testng.TestNG.runSuitesSequentially(TestNG.java:1280)
at org.testng.TestNG.runSuitesLocally(TestNG.java:1200)
at org.testng.TestNG.runSuites(TestNG.java:1114)
at org.testng.TestNG.run(TestNG.java:1082)
at org.testng.remote.AbstractRemoteTestNG.run(AbstractRemoteTestNG.java:115)
at org.testng.remote.RemoteTestNG.initAndRun(RemoteTestNG.java:251)
at org.testng.remote.RemoteTestNG.main(RemoteTestNG.java:77)
]]>
            </full-stacktrace>
          </exception> <!-- org.openqa.selenium.ElementClickInterceptedException -->
          <reporter-output>
          </reporter-output>
        </test-method> <!-- selectManufacturers -->
        <test-method signature="getNewLaunchBikesDetails()[pri:4, instance:testCase.TC_004_VerifyInvalidUser@4b29d1d2]" started-at="2024-02-13T10:16:18 IST" name="getNewLaunchBikesDetails" finished-at="2024-02-13T10:16:36 IST" duration-ms="17706" status="PASS">
          <reporter-output>
          </reporter-output>
        </test-method> <!-- getNewLaunchBikesDetails -->
        <test-method signature="navigateToHomePage()[pri:5, instance:testCase.TC_004_VerifyInvalidUser@4b29d1d2]" started-at="2024-02-13T10:16:36 IST" name="navigateToHomePage" finished-at="2024-02-13T10:16:38 IST" duration-ms="2125" status="PASS">
          <reporter-output>
          </reporter-output>
        </test-method> <!-- navigateToHomePage -->
        <test-method signature="navFromUsedCarsToLocation()[pri:6, instance:testCase.TC_004_VerifyInvalidUser@4b29d1d2]" started-at="2024-02-13T10:16:40 IST" name="navFromUsedCarsToLocation" finished-at="2024-02-13T10:17:12 IST" duration-ms="32915" status="FAIL">
          <exception class="org.openqa.selenium.ElementNotInteractableException">
            <message>
              <![CDATA[element not interactable
  (Session info: chrome=120.0.6099.130)
Build info: version: '4.15.0', revision: '1d14b5521b'
System info: os.name: 'Windows 11', os.arch: 'amd64', os.version: '10.0', java.version: '17.0.9'
Driver info: org.openqa.selenium.remote.RemoteWebDriver
Command: [68d7656639d18d0850b0643fcca3d14b, clickElement {id=DC734FE0F0C879BB92B0B19196876EAC_element_394}]
Capabilities {acceptInsecureCerts: false, browserName: chrome, browserVersion: 120.0.6099.130, chrome: {chromedriverVersion: 120.0.6099.109 (3419140ab66..., userDataDir: C:\Users\2303514\AppData\Lo...}, fedcm:accounts: true, goog:chromeOptions: {debuggerAddress: localhost:53691}, networkConnectionEnabled: false, pageLoadStrategy: normal, platformName: Windows 11, proxy: Proxy(), se:bidiEnabled: false, se:cdp: ws://10.203.182.82:4444/ses..., se:cdpVersion: 120.0.6099.130, setWindowRect: true, strictFileInteractability: false, timeouts: {implicit: 0, pageLoad: 300000, script: 30000}, unhandledPromptBehavior: dismiss and notify, webauthn:extension:credBlob: true, webauthn:extension:largeBlob: true, webauthn:extension:minPinLength: true, webauthn:extension:prf: true, webauthn:virtualAuthenticators: true}
Element: [[RemoteWebDriver: chrome on Windows 11 (68d7656639d18d0850b0643fcca3d14b)] -> xpath: //div[@class='h-dd-r']//li[4]//span]
Session ID: 68d7656639d18d0850b0643fcca3d14b]]>
            </message>
            <full-stacktrace>
              <![CDATA[org.openqa.selenium.ElementNotInteractableException: element not interactable
  (Session info: chrome=120.0.6099.130)
Build info: version: '4.15.0', revision: '1d14b5521b'
System info: os.name: 'Windows 11', os.arch: 'amd64', os.version: '10.0', java.version: '17.0.9'
Driver info: org.openqa.selenium.remote.RemoteWebDriver
Command: [68d7656639d18d0850b0643fcca3d14b, clickElement {id=DC734FE0F0C879BB92B0B19196876EAC_element_394}]
Capabilities {acceptInsecureCerts: false, browserName: chrome, browserVersion: 120.0.6099.130, chrome: {chromedriverVersion: 120.0.6099.109 (3419140ab66..., userDataDir: C:\Users\2303514\AppData\Lo...}, fedcm:accounts: true, goog:chromeOptions: {debuggerAddress: localhost:53691}, networkConnectionEnabled: false, pageLoadStrategy: normal, platformName: Windows 11, proxy: Proxy(), se:bidiEnabled: false, se:cdp: ws://10.203.182.82:4444/ses..., se:cdpVersion: 120.0.6099.130, setWindowRect: true, strictFileInteractability: false, timeouts: {implicit: 0, pageLoad: 300000, script: 30000}, unhandledPromptBehavior: dismiss and notify, webauthn:extension:credBlob: true, webauthn:extension:largeBlob: true, webauthn:extension:minPinLength: true, webauthn:extension:prf: true, webauthn:virtualAuthenticators: true}
Element: [[RemoteWebDriver: chrome on Windows 11 (68d7656639d18d0850b0643fcca3d14b)] -> xpath: //div[@class='h-dd-r']//li[4]//span]
Session ID: 68d7656639d18d0850b0643fcca3d14b
at java.base/jdk.internal.reflect.NativeConstructorAccessorImpl.newInstance0(Native Method)
at java.base/jdk.internal.reflect.NativeConstructorAccessorImpl.newInstance(NativeConstructorAccessorImpl.java:77)
at java.base/jdk.internal.reflect.DelegatingConstructorAccessorImpl.newInstance(DelegatingConstructorAccessorImpl.java:45)
at java.base/java.lang.reflect.Constructor.newInstanceWithCaller(Constructor.java:499)
at java.base/java.lang.reflect.Constructor.newInstance(Constructor.java:480)
at org.openqa.selenium.remote.codec.w3c.W3CHttpResponseCodec.createException(W3CHttpResponseCodec.java:200)
at org.openqa.selenium.remote.codec.w3c.W3CHttpResponseCodec.decode(W3CHttpResponseCodec.java:133)
at org.openqa.selenium.remote.codec.w3c.W3CHttpResponseCodec.decode(W3CHttpResponseCodec.java:52)
at org.openqa.selenium.remote.HttpCommandExecutor.execute(HttpCommandExecutor.java:191)
at org.openqa.selenium.remote.TracedCommandExecutor.execute(TracedCommandExecutor.java:51)
at org.openqa.selenium.remote.RemoteWebDriver.execute(RemoteWebDriver.java:607)
at org.openqa.selenium.remote.RemoteWebElement.execute(RemoteWebElement.java:224)
at org.openqa.selenium.remote.RemoteWebElement.click(RemoteWebElement.java:77)
at java.base/jdk.internal.reflect.NativeMethodAccessorImpl.invoke0(Native Method)
at java.base/jdk.internal.reflect.NativeMethodAccessorImpl.invoke(NativeMethodAccessorImpl.java:77)
at java.base/jdk.internal.reflect.DelegatingMethodAccessorImpl.invoke(DelegatingMethodAccessorImpl.java:43)
at java.base/java.lang.reflect.Method.invoke(Method.java:568)
at org.openqa.selenium.support.pagefactory.internal.LocatingElementHandler.invoke(LocatingElementHandler.java:51)
at jdk.proxy2/jdk.proxy2.$Proxy30.click(Unknown Source)
at pageObjects.HomePageZigWheels.hoverFromUsedCarsToLocation(HomePageZigWheels.java:51)
at testCase.TC_003_UsedCarsLocationSpecificTest.navFromUsedCarsToLocation(TC_003_UsedCarsLocationSpecificTest.java:18)
at java.base/jdk.internal.reflect.NativeMethodAccessorImpl.invoke0(Native Method)
at java.base/jdk.internal.reflect.NativeMethodAccessorImpl.invoke(NativeMethodAccessorImpl.java:77)
at java.base/jdk.internal.reflect.DelegatingMethodAccessorImpl.invoke(DelegatingMethodAccessorImpl.java:43)
at java.base/java.lang.reflect.Method.invoke(Method.java:568)
at org.testng.internal.invokers.MethodInvocationHelper.invokeMethod(MethodInvocationHelper.java:139)
at org.testng.internal.invokers.TestInvoker.invokeMethod(TestInvoker.java:664)
at org.testng.internal.invokers.TestInvoker.invokeTestMethod(TestInvoker.java:227)
at org.testng.internal.invokers.MethodRunner.runInSequence(MethodRunner.java:50)
at org.testng.internal.invokers.TestInvoker$MethodInvocationAgent.invoke(TestInvoker.java:957)
at org.testng.internal.invokers.TestInvoker.invokeTestMethods(TestInvoker.java:200)
at org.testng.internal.invokers.TestMethodWorker.invokeTestMethods(TestMethodWorker.java:148)
at org.testng.internal.invokers.TestMethodWorker.run(TestMethodWorker.java:128)
at java.base/java.util.ArrayList.forEach(ArrayList.java:1511)
at org.testng.TestRunner.privateRun(TestRunner.java:848)
at org.testng.TestRunner.run(TestRunner.java:621)
at org.testng.SuiteRunner.runTest(SuiteRunner.java:443)
at org.testng.SuiteRunner.runSequentially(SuiteRunner.java:437)
at org.testng.SuiteRunner.privateRun(SuiteRunner.java:397)
at org.testng.SuiteRunner.run(SuiteRunner.java:336)
at org.testng.SuiteRunnerWorker.runSuite(SuiteRunnerWorker.java:52)
at org.testng.SuiteRunnerWorker.run(SuiteRunnerWorker.java:95)
at org.testng.TestNG.runSuitesSequentially(TestNG.java:1280)
at org.testng.TestNG.runSuitesLocally(TestNG.java:1200)
at org.testng.TestNG.runSuites(TestNG.java:1114)
at org.testng.TestNG.run(TestNG.java:1082)
at org.testng.remote.AbstractRemoteTestNG.run(AbstractRemoteTestNG.java:115)
at org.testng.remote.RemoteTestNG.initAndRun(RemoteTestNG.java:251)
at org.testng.remote.RemoteTestNG.main(RemoteTestNG.java:77)
]]>
            </full-stacktrace>
          </exception> <!-- org.openqa.selenium.ElementNotInteractableException -->
          <reporter-output>
          </reporter-output>
        </test-method> <!-- navFromUsedCarsToLocation -->
        <test-method signature="clickAllPopularCarModels()[pri:7, instance:testCase.TC_004_VerifyInvalidUser@4b29d1d2]" started-at="2024-02-13T10:17:13 IST" name="clickAllPopularCarModels" finished-at="2024-02-13T10:17:43 IST" duration-ms="30052" status="PASS">
          <reporter-output>
          </reporter-output>
        </test-method> <!-- clickAllPopularCarModels -->
        <test-method signature="fetchAllPopularModels()[pri:8, instance:testCase.TC_004_VerifyInvalidUser@4b29d1d2]" started-at="2024-02-13T10:17:43 IST" name="fetchAllPopularModels" finished-at="2024-02-13T10:18:02 IST" duration-ms="18849" status="PASS">
          <reporter-output>
          </reporter-output>
        </test-method> <!-- fetchAllPopularModels -->
        <test-method signature="navigateBackToHome()[pri:9, instance:testCase.TC_004_VerifyInvalidUser@4b29d1d2]" started-at="2024-02-13T10:18:02 IST" name="navigateBackToHome" finished-at="2024-02-13T10:18:02 IST" duration-ms="36" status="FAIL">
          <exception class="org.openqa.selenium.NoSuchWindowException">
            <message>
              <![CDATA[no such window: target window already closed
from unknown error: web view not found
  (Session info: chrome=120.0.6099.130)
Build info: version: '4.15.0', revision: '1d14b5521b'
System info: os.name: 'Windows 11', os.arch: 'amd64', os.version: '10.0', java.version: '17.0.9'
Driver info: org.openqa.selenium.remote.RemoteWebDriver
Command: [68d7656639d18d0850b0643fcca3d14b, findElement {using=xpath, value=//img[@data-track-label='zw-header-logo']}]
Capabilities {acceptInsecureCerts: false, browserName: chrome, browserVersion: 120.0.6099.130, chrome: {chromedriverVersion: 120.0.6099.109 (3419140ab66..., userDataDir: C:\Users\2303514\AppData\Lo...}, fedcm:accounts: true, goog:chromeOptions: {debuggerAddress: localhost:53691}, networkConnectionEnabled: false, pageLoadStrategy: normal, platformName: Windows 11, proxy: Proxy(), se:bidiEnabled: false, se:cdp: ws://10.203.182.82:4444/ses..., se:cdpVersion: 120.0.6099.130, setWindowRect: true, strictFileInteractability: false, timeouts: {implicit: 0, pageLoad: 300000, script: 30000}, unhandledPromptBehavior: dismiss and notify, webauthn:extension:credBlob: true, webauthn:extension:largeBlob: true, webauthn:extension:minPinLength: true, webauthn:extension:prf: true, webauthn:virtualAuthenticators: true}
Session ID: 68d7656639d18d0850b0643fcca3d14b]]>
            </message>
            <full-stacktrace>
              <![CDATA[org.openqa.selenium.NoSuchWindowException: no such window: target window already closed
from unknown error: web view not found
  (Session info: chrome=120.0.6099.130)
Build info: version: '4.15.0', revision: '1d14b5521b'
System info: os.name: 'Windows 11', os.arch: 'amd64', os.version: '10.0', java.version: '17.0.9'
Driver info: org.openqa.selenium.remote.RemoteWebDriver
Command: [68d7656639d18d0850b0643fcca3d14b, findElement {using=xpath, value=//img[@data-track-label='zw-header-logo']}]
Capabilities {acceptInsecureCerts: false, browserName: chrome, browserVersion: 120.0.6099.130, chrome: {chromedriverVersion: 120.0.6099.109 (3419140ab66..., userDataDir: C:\Users\2303514\AppData\Lo...}, fedcm:accounts: true, goog:chromeOptions: {debuggerAddress: localhost:53691}, networkConnectionEnabled: false, pageLoadStrategy: normal, platformName: Windows 11, proxy: Proxy(), se:bidiEnabled: false, se:cdp: ws://10.203.182.82:4444/ses..., se:cdpVersion: 120.0.6099.130, setWindowRect: true, strictFileInteractability: false, timeouts: {implicit: 0, pageLoad: 300000, script: 30000}, unhandledPromptBehavior: dismiss and notify, webauthn:extension:credBlob: true, webauthn:extension:largeBlob: true, webauthn:extension:minPinLength: true, webauthn:extension:prf: true, webauthn:virtualAuthenticators: true}
Session ID: 68d7656639d18d0850b0643fcca3d14b
at java.base/jdk.internal.reflect.NativeConstructorAccessorImpl.newInstance0(Native Method)
at java.base/jdk.internal.reflect.NativeConstructorAccessorImpl.newInstance(NativeConstructorAccessorImpl.java:77)
at java.base/jdk.internal.reflect.DelegatingConstructorAccessorImpl.newInstance(DelegatingConstructorAccessorImpl.java:45)
at java.base/java.lang.reflect.Constructor.newInstanceWithCaller(Constructor.java:499)
at java.base/java.lang.reflect.Constructor.newInstance(Constructor.java:480)
at org.openqa.selenium.remote.codec.w3c.W3CHttpResponseCodec.createException(W3CHttpResponseCodec.java:200)
at org.openqa.selenium.remote.codec.w3c.W3CHttpResponseCodec.decode(W3CHttpResponseCodec.java:133)
at org.openqa.selenium.remote.codec.w3c.W3CHttpResponseCodec.decode(W3CHttpResponseCodec.java:52)
at org.openqa.selenium.remote.HttpCommandExecutor.execute(HttpCommandExecutor.java:191)
at org.openqa.selenium.remote.TracedCommandExecutor.execute(TracedCommandExecutor.java:51)
at org.openqa.selenium.remote.RemoteWebDriver.execute(RemoteWebDriver.java:607)
at org.openqa.selenium.remote.ElementLocation$ElementFinder$2.findElement(ElementLocation.java:165)
at org.openqa.selenium.remote.ElementLocation.findElement(ElementLocation.java:59)
at org.openqa.selenium.remote.RemoteWebDriver.findElement(RemoteWebDriver.java:364)
at org.openqa.selenium.remote.RemoteWebDriver.findElement(RemoteWebDriver.java:358)
at org.openqa.selenium.support.pagefactory.DefaultElementLocator.findElement(DefaultElementLocator.java:68)
at org.openqa.selenium.support.pagefactory.internal.LocatingElementHandler.invoke(LocatingElementHandler.java:38)
at jdk.proxy2/jdk.proxy2.$Proxy30.click(Unknown Source)
at pageObjects.UserCars.navigateBack(UserCars.java:55)
at testCase.TC_003_UsedCarsLocationSpecificTest.navigateBackToHome(TC_003_UsedCarsLocationSpecificTest.java:37)
at java.base/jdk.internal.reflect.NativeMethodAccessorImpl.invoke0(Native Method)
at java.base/jdk.internal.reflect.NativeMethodAccessorImpl.invoke(NativeMethodAccessorImpl.java:77)
at java.base/jdk.internal.reflect.DelegatingMethodAccessorImpl.invoke(DelegatingMethodAccessorImpl.java:43)
at java.base/java.lang.reflect.Method.invoke(Method.java:568)
at org.testng.internal.invokers.MethodInvocationHelper.invokeMethod(MethodInvocationHelper.java:139)
at org.testng.internal.invokers.TestInvoker.invokeMethod(TestInvoker.java:664)
at org.testng.internal.invokers.TestInvoker.invokeTestMethod(TestInvoker.java:227)
at org.testng.internal.invokers.MethodRunner.runInSequence(MethodRunner.java:50)
at org.testng.internal.invokers.TestInvoker$MethodInvocationAgent.invoke(TestInvoker.java:957)
at org.testng.internal.invokers.TestInvoker.invokeTestMethods(TestInvoker.java:200)
at org.testng.internal.invokers.TestMethodWorker.invokeTestMethods(TestMethodWorker.java:148)
at org.testng.internal.invokers.TestMethodWorker.run(TestMethodWorker.java:128)
at java.base/java.util.ArrayList.forEach(ArrayList.java:1511)
at org.testng.TestRunner.privateRun(TestRunner.java:848)
at org.testng.TestRunner.run(TestRunner.java:621)
at org.testng.SuiteRunner.runTest(SuiteRunner.java:443)
at org.testng.SuiteRunner.runSequentially(SuiteRunner.java:437)
at org.testng.SuiteRunner.privateRun(SuiteRunner.java:397)
at org.testng.SuiteRunner.run(SuiteRunner.java:336)
at org.testng.SuiteRunnerWorker.runSuite(SuiteRunnerWorker.java:52)
at org.testng.SuiteRunnerWorker.run(SuiteRunnerWorker.java:95)
at org.testng.TestNG.runSuitesSequentially(TestNG.java:1280)
at org.testng.TestNG.runSuitesLocally(TestNG.java:1200)
at org.testng.TestNG.runSuites(TestNG.java:1114)
at org.testng.TestNG.run(TestNG.java:1082)
at org.testng.remote.AbstractRemoteTestNG.run(AbstractRemoteTestNG.java:115)
at org.testng.remote.RemoteTestNG.initAndRun(RemoteTestNG.java:251)
at org.testng.remote.RemoteTestNG.main(RemoteTestNG.java:77)
]]>
            </full-stacktrace>
          </exception> <!-- org.openqa.selenium.NoSuchWindowException -->
          <reporter-output>
          </reporter-output>
        </test-method> <!-- navigateBackToHome -->
        <test-method signature="clickOnLogin()[pri:10, instance:testCase.TC_004_VerifyInvalidUser@4b29d1d2]" started-at="2024-02-13T10:18:02 IST" name="clickOnLogin" finished-at="2024-02-13T10:18:02 IST" duration-ms="48" status="FAIL">
          <exception class="org.openqa.selenium.NoSuchWindowException">
            <message>
              <![CDATA[no such window: target window already closed
from unknown error: web view not found
  (Session info: chrome=120.0.6099.130)
Build info: version: '4.15.0', revision: '1d14b5521b'
System info: os.name: 'Windows 11', os.arch: 'amd64', os.version: '10.0', java.version: '17.0.9'
Driver info: org.openqa.selenium.remote.RemoteWebDriver
Command: [68d7656639d18d0850b0643fcca3d14b, findElement {using=xpath, value=//div[@class='h-sid h-sid-s fnt-14']}]
Capabilities {acceptInsecureCerts: false, browserName: chrome, browserVersion: 120.0.6099.130, chrome: {chromedriverVersion: 120.0.6099.109 (3419140ab66..., userDataDir: C:\Users\2303514\AppData\Lo...}, fedcm:accounts: true, goog:chromeOptions: {debuggerAddress: localhost:53691}, networkConnectionEnabled: false, pageLoadStrategy: normal, platformName: Windows 11, proxy: Proxy(), se:bidiEnabled: false, se:cdp: ws://10.203.182.82:4444/ses..., se:cdpVersion: 120.0.6099.130, setWindowRect: true, strictFileInteractability: false, timeouts: {implicit: 0, pageLoad: 300000, script: 30000}, unhandledPromptBehavior: dismiss and notify, webauthn:extension:credBlob: true, webauthn:extension:largeBlob: true, webauthn:extension:minPinLength: true, webauthn:extension:prf: true, webauthn:virtualAuthenticators: true}
Session ID: 68d7656639d18d0850b0643fcca3d14b]]>
            </message>
            <full-stacktrace>
              <![CDATA[org.openqa.selenium.NoSuchWindowException: no such window: target window already closed
from unknown error: web view not found
  (Session info: chrome=120.0.6099.130)
Build info: version: '4.15.0', revision: '1d14b5521b'
System info: os.name: 'Windows 11', os.arch: 'amd64', os.version: '10.0', java.version: '17.0.9'
Driver info: org.openqa.selenium.remote.RemoteWebDriver
Command: [68d7656639d18d0850b0643fcca3d14b, findElement {using=xpath, value=//div[@class='h-sid h-sid-s fnt-14']}]
Capabilities {acceptInsecureCerts: false, browserName: chrome, browserVersion: 120.0.6099.130, chrome: {chromedriverVersion: 120.0.6099.109 (3419140ab66..., userDataDir: C:\Users\2303514\AppData\Lo...}, fedcm:accounts: true, goog:chromeOptions: {debuggerAddress: localhost:53691}, networkConnectionEnabled: false, pageLoadStrategy: normal, platformName: Windows 11, proxy: Proxy(), se:bidiEnabled: false, se:cdp: ws://10.203.182.82:4444/ses..., se:cdpVersion: 120.0.6099.130, setWindowRect: true, strictFileInteractability: false, timeouts: {implicit: 0, pageLoad: 300000, script: 30000}, unhandledPromptBehavior: dismiss and notify, webauthn:extension:credBlob: true, webauthn:extension:largeBlob: true, webauthn:extension:minPinLength: true, webauthn:extension:prf: true, webauthn:virtualAuthenticators: true}
Session ID: 68d7656639d18d0850b0643fcca3d14b
at java.base/jdk.internal.reflect.NativeConstructorAccessorImpl.newInstance0(Native Method)
at java.base/jdk.internal.reflect.NativeConstructorAccessorImpl.newInstance(NativeConstructorAccessorImpl.java:77)
at java.base/jdk.internal.reflect.DelegatingConstructorAccessorImpl.newInstance(DelegatingConstructorAccessorImpl.java:45)
at java.base/java.lang.reflect.Constructor.newInstanceWithCaller(Constructor.java:499)
at java.base/java.lang.reflect.Constructor.newInstance(Constructor.java:480)
at org.openqa.selenium.remote.codec.w3c.W3CHttpResponseCodec.createException(W3CHttpResponseCodec.java:200)
at org.openqa.selenium.remote.codec.w3c.W3CHttpResponseCodec.decode(W3CHttpResponseCodec.java:133)
at org.openqa.selenium.remote.codec.w3c.W3CHttpResponseCodec.decode(W3CHttpResponseCodec.java:52)
at org.openqa.selenium.remote.HttpCommandExecutor.execute(HttpCommandExecutor.java:191)
at org.openqa.selenium.remote.TracedCommandExecutor.execute(TracedCommandExecutor.java:51)
at org.openqa.selenium.remote.RemoteWebDriver.execute(RemoteWebDriver.java:607)
at org.openqa.selenium.remote.ElementLocation$ElementFinder$2.findElement(ElementLocation.java:165)
at org.openqa.selenium.remote.ElementLocation.findElement(ElementLocation.java:59)
at org.openqa.selenium.remote.RemoteWebDriver.findElement(RemoteWebDriver.java:364)
at org.openqa.selenium.remote.RemoteWebDriver.findElement(RemoteWebDriver.java:358)
at org.openqa.selenium.support.pagefactory.DefaultElementLocator.findElement(DefaultElementLocator.java:68)
at org.openqa.selenium.support.pagefactory.internal.LocatingElementHandler.invoke(LocatingElementHandler.java:38)
at jdk.proxy2/jdk.proxy2.$Proxy30.click(Unknown Source)
at pageObjects.GoogleLogin.clickOnLoginSignUp(GoogleLogin.java:36)
at testCase.TC_004_VerifyInvalidUser.clickOnLogin(TC_004_VerifyInvalidUser.java:18)
at java.base/jdk.internal.reflect.NativeMethodAccessorImpl.invoke0(Native Method)
at java.base/jdk.internal.reflect.NativeMethodAccessorImpl.invoke(NativeMethodAccessorImpl.java:77)
at java.base/jdk.internal.reflect.DelegatingMethodAccessorImpl.invoke(DelegatingMethodAccessorImpl.java:43)
at java.base/java.lang.reflect.Method.invoke(Method.java:568)
at org.testng.internal.invokers.MethodInvocationHelper.invokeMethod(MethodInvocationHelper.java:139)
at org.testng.internal.invokers.TestInvoker.invokeMethod(TestInvoker.java:664)
at org.testng.internal.invokers.TestInvoker.invokeTestMethod(TestInvoker.java:227)
at org.testng.internal.invokers.MethodRunner.runInSequence(MethodRunner.java:50)
at org.testng.internal.invokers.TestInvoker$MethodInvocationAgent.invoke(TestInvoker.java:957)
at org.testng.internal.invokers.TestInvoker.invokeTestMethods(TestInvoker.java:200)
at org.testng.internal.invokers.TestMethodWorker.invokeTestMethods(TestMethodWorker.java:148)
at org.testng.internal.invokers.TestMethodWorker.run(TestMethodWorker.java:128)
at java.base/java.util.ArrayList.forEach(ArrayList.java:1511)
at org.testng.TestRunner.privateRun(TestRunner.java:848)
at org.testng.TestRunner.run(TestRunner.java:621)
at org.testng.SuiteRunner.runTest(SuiteRunner.java:443)
at org.testng.SuiteRunner.runSequentially(SuiteRunner.java:437)
at org.testng.SuiteRunner.privateRun(SuiteRunner.java:397)
at org.testng.SuiteRunner.run(SuiteRunner.java:336)
at org.testng.SuiteRunnerWorker.runSuite(SuiteRunnerWorker.java:52)
at org.testng.SuiteRunnerWorker.run(SuiteRunnerWorker.java:95)
at org.testng.TestNG.runSuitesSequentially(TestNG.java:1280)
at org.testng.TestNG.runSuitesLocally(TestNG.java:1200)
at org.testng.TestNG.runSuites(TestNG.java:1114)
at org.testng.TestNG.run(TestNG.java:1082)
at org.testng.remote.AbstractRemoteTestNG.run(AbstractRemoteTestNG.java:115)
at org.testng.remote.RemoteTestNG.initAndRun(RemoteTestNG.java:251)
at org.testng.remote.RemoteTestNG.main(RemoteTestNG.java:77)
]]>
            </full-stacktrace>
          </exception> <!-- org.openqa.selenium.NoSuchWindowException -->
          <reporter-output>
          </reporter-output>
        </test-method> <!-- clickOnLogin -->
        <test-method signature="fetchErrorMessage()[pri:11, instance:testCase.TC_004_VerifyInvalidUser@4b29d1d2]" started-at="2024-02-13T10:18:02 IST" name="fetchErrorMessage" finished-at="2024-02-13T10:18:04 IST" duration-ms="2020" status="PASS">
          <reporter-output>
          </reporter-output>
        </test-method> <!-- fetchErrorMessage -->
        <test-method is-config="true" signature="tearDown()[pri:0, instance:testCase.TC_004_VerifyInvalidUser@4b29d1d2]" started-at="2024-02-13T10:18:04 IST" name="tearDown" finished-at="2024-02-13T10:18:05 IST" duration-ms="1037" status="PASS">
          <reporter-output>
          </reporter-output>
        </test-method> <!-- tearDown -->
      </class> <!-- testCase.TC_004_VerifyInvalidUser -->
    </test> <!-- MasterTest -->
  </suite> <!-- Suite -->
</testng-results>
